build/app/intermediates/manifest_merge_blame_file/release/processReleaseMainManifest/manifest-merger-blame-release-report.txt
1<?xml version="1.0" encoding="utf-8"?>
2<manifest xmlns:android="http://schemas.android.com/apk/res/android"
3    package="com.lped.app"
4    android:versionCode="1"
5    android:versionName="1.0.0" >
6
7    <uses-sdk
8        android:minSdkVersion="21"
9        android:targetSdkVersion="35" />
10    <!--
11     Tell Google Play Store that your app uses Bluetooth LE
12     Set android:required="true" if bluetooth is necessary
13    -->
14    <uses-feature
14-->src/main/AndroidManifest.xml:4:5-90
15        android:name="android.hardware.bluetooth_le"
15-->src/main/AndroidManifest.xml:4:19-63
16        android:required="true" />
16-->src/main/AndroidManifest.xml:4:64-87
17
18    <!--
19    New Bluetooth permissions in Android 12
20    https://developer.android.com/about/versions/12/features/bluetooth-permissions
21    -->
22    <uses-permission
22-->src/main/AndroidManifest.xml:8:5-120
23        android:name="android.permission.BLUETOOTH_SCAN"
23-->src/main/AndroidManifest.xml:8:22-70
24        android:usesPermissionFlags="neverForLocation" />
24-->src/main/AndroidManifest.xml:8:71-117
25    <uses-permission android:name="android.permission.BLUETOOTH_CONNECT" />
25-->src/main/AndroidManifest.xml:9:5-76
25-->src/main/AndroidManifest.xml:9:22-73
26
27    <!-- legacy for Android 11 or lower -->
28    <uses-permission
28-->src/main/AndroidManifest.xml:12:5-95
29        android:name="android.permission.BLUETOOTH"
29-->src/main/AndroidManifest.xml:12:22-65
30        android:maxSdkVersion="30" />
30-->src/main/AndroidManifest.xml:12:66-92
31    <uses-permission
31-->src/main/AndroidManifest.xml:13:5-101
32        android:name="android.permission.BLUETOOTH_ADMIN"
32-->src/main/AndroidManifest.xml:13:22-71
33        android:maxSdkVersion="30" />
33-->src/main/AndroidManifest.xml:13:72-98
34    <uses-permission
34-->src/main/AndroidManifest.xml:14:5-105
35        android:name="android.permission.ACCESS_FINE_LOCATION"
35-->src/main/AndroidManifest.xml:14:22-76
36        android:maxSdkVersion="30" />
36-->src/main/AndroidManifest.xml:14:77-103
37
38    <!-- legacy for Android 9 or lower -->
39    <uses-permission
39-->src/main/AndroidManifest.xml:17:5-108
40        android:name="android.permission.ACCESS_COARSE_LOCATION"
40-->src/main/AndroidManifest.xml:17:22-78
41        android:maxSdkVersion="28" />
41-->src/main/AndroidManifest.xml:17:79-105
42    <!--
43         Required to query activities that can process text, see:
44         https://developer.android.com/training/package-visibility and
45         https://developer.android.com/reference/android/content/Intent#ACTION_PROCESS_TEXT.
46
47         In particular, this is used by the Flutter engine in io.flutter.plugin.text.ProcessTextPlugin.
48    -->
49    <queries>
49-->src/main/AndroidManifest.xml:55:5-60:15
50        <intent>
50-->src/main/AndroidManifest.xml:56:9-59:18
51            <action android:name="android.intent.action.PROCESS_TEXT" />
51-->src/main/AndroidManifest.xml:57:13-72
51-->src/main/AndroidManifest.xml:57:21-70
52
53            <data android:mimeType="text/plain" />
53-->src/main/AndroidManifest.xml:58:13-50
53-->src/main/AndroidManifest.xml:58:19-48
54        </intent>
55    </queries>
56
57    <permission
57-->[androidx.core:core:1.13.1] AndroidManifest.xml:22:5-24:47
58        android:name="com.lped.app.DYNAMIC_RECEIVER_NOT_EXPORTED_PERMISSION"
58-->[androidx.core:core:1.13.1] AndroidManifest.xml:23:9-81
59        android:protectionLevel="signature" />
59-->[androidx.core:core:1.13.1] AndroidManifest.xml:24:9-44
60
61    <uses-permission android:name="com.lped.app.DYNAMIC_RECEIVER_NOT_EXPORTED_PERMISSION" />
61-->[androidx.core:core:1.13.1] AndroidManifest.xml:26:5-97
61-->[androidx.core:core:1.13.1] AndroidManifest.xml:26:22-94
62
63    <application
64        android:name="android.app.Application"
64-->src/main/AndroidManifest.xml:20:9-42
65        android:appComponentFactory="androidx.core.app.CoreComponentFactory"
65-->[androidx.core:core:1.13.1] AndroidManifest.xml:28:18-86
66        android:extractNativeLibs="true"
67        android:icon="@mipmap/ic_launcher"
67-->src/main/AndroidManifest.xml:21:9-43
68        android:label="LPED" >
68-->src/main/AndroidManifest.xml:19:9-29
69        <activity
69-->src/main/AndroidManifest.xml:22:9-43:20
70            android:name="com.example.app.MainActivity"
70-->src/main/AndroidManifest.xml:23:13-41
71            android:configChanges="orientation|keyboardHidden|keyboard|screenSize|smallestScreenSize|locale|layoutDirection|fontScale|screenLayout|density|uiMode"
71-->src/main/AndroidManifest.xml:28:13-163
72            android:exported="true"
72-->src/main/AndroidManifest.xml:24:13-36
73            android:hardwareAccelerated="true"
73-->src/main/AndroidManifest.xml:29:13-47
74            android:launchMode="singleTop"
74-->src/main/AndroidManifest.xml:25:13-43
75            android:taskAffinity=""
75-->src/main/AndroidManifest.xml:26:13-36
76            android:theme="@style/LaunchTheme"
76-->src/main/AndroidManifest.xml:27:13-47
77            android:windowSoftInputMode="adjustResize" >
77-->src/main/AndroidManifest.xml:30:13-55
78
79            <!--
80                 Specifies an Android theme to apply to this Activity as soon as
81                 the Android process has started. This theme is visible to the user
82                 while the Flutter UI initializes. After that, this theme continues
83                 to determine the Window background behind the Flutter UI.
84            -->
85            <meta-data
85-->src/main/AndroidManifest.xml:35:13-38:17
86                android:name="io.flutter.embedding.android.NormalTheme"
86-->src/main/AndroidManifest.xml:36:15-70
87                android:resource="@style/NormalTheme" />
87-->src/main/AndroidManifest.xml:37:15-52
88
89            <intent-filter>
89-->src/main/AndroidManifest.xml:39:13-42:29
90                <action android:name="android.intent.action.MAIN" />
90-->src/main/AndroidManifest.xml:40:17-68
90-->src/main/AndroidManifest.xml:40:25-66
91
92                <category android:name="android.intent.category.LAUNCHER" />
92-->src/main/AndroidManifest.xml:41:17-76
92-->src/main/AndroidManifest.xml:41:27-74
93            </intent-filter>
94        </activity>
95        <!--
96             Don't delete the meta-data below.
97             This is used by the Flutter tool to generate GeneratedPluginRegistrant.java
98        -->
99        <meta-data
99-->src/main/AndroidManifest.xml:46:9-48:33
100            android:name="flutterEmbedding"
100-->src/main/AndroidManifest.xml:47:13-44
101            android:value="2" />
101-->src/main/AndroidManifest.xml:48:13-30
102
103        <uses-library
103-->[androidx.window:window:1.2.0] AndroidManifest.xml:23:9-25:40
104            android:name="androidx.window.extensions"
104-->[androidx.window:window:1.2.0] AndroidManifest.xml:24:13-54
105            android:required="false" />
105-->[androidx.window:window:1.2.0] AndroidManifest.xml:25:13-37
106        <uses-library
106-->[androidx.window:window:1.2.0] AndroidManifest.xml:26:9-28:40
107            android:name="androidx.window.sidecar"
107-->[androidx.window:window:1.2.0] AndroidManifest.xml:27:13-51
108            android:required="false" />
108-->[androidx.window:window:1.2.0] AndroidManifest.xml:28:13-37
109
110        <provider
110-->[androidx.lifecycle:lifecycle-process:2.7.0] AndroidManifest.xml:24:9-32:20
111            android:name="androidx.startup.InitializationProvider"
111-->[androidx.lifecycle:lifecycle-process:2.7.0] AndroidManifest.xml:25:13-67
112            android:authorities="com.lped.app.androidx-startup"
112-->[androidx.lifecycle:lifecycle-process:2.7.0] AndroidManifest.xml:26:13-68
113            android:exported="false" >
113-->[androidx.lifecycle:lifecycle-process:2.7.0] AndroidManifest.xml:27:13-37
114            <meta-data
114-->[androidx.lifecycle:lifecycle-process:2.7.0] AndroidManifest.xml:29:13-31:52
115                android:name="androidx.lifecycle.ProcessLifecycleInitializer"
115-->[androidx.lifecycle:lifecycle-process:2.7.0] AndroidManifest.xml:30:17-78
116                android:value="androidx.startup" />
116-->[androidx.lifecycle:lifecycle-process:2.7.0] AndroidManifest.xml:31:17-49
117            <meta-data
117-->[androidx.profileinstaller:profileinstaller:1.3.1] AndroidManifest.xml:29:13-31:52
118                android:name="androidx.profileinstaller.ProfileInstallerInitializer"
118-->[androidx.profileinstaller:profileinstaller:1.3.1] AndroidManifest.xml:30:17-85
119                android:value="androidx.startup" />
119-->[androidx.profileinstaller:profileinstaller:1.3.1] AndroidManifest.xml:31:17-49
120        </provider>
121
122        <receiver
122-->[androidx.profileinstaller:profileinstaller:1.3.1] AndroidManifest.xml:34:9-52:20
123            android:name="androidx.profileinstaller.ProfileInstallReceiver"
123-->[androidx.profileinstaller:profileinstaller:1.3.1] AndroidManifest.xml:35:13-76
124            android:directBootAware="false"
124-->[androidx.profileinstaller:profileinstaller:1.3.1] AndroidManifest.xml:36:13-44
125            android:enabled="true"
125-->[androidx.profileinstaller:profileinstaller:1.3.1] AndroidManifest.xml:37:13-35
126            android:exported="true"
126-->[androidx.profileinstaller:profileinstaller:1.3.1] AndroidManifest.xml:38:13-36
127            android:permission="android.permission.DUMP" >
127-->[androidx.profileinstaller:profileinstaller:1.3.1] AndroidManifest.xml:39:13-57
128            <intent-filter>
128-->[androidx.profileinstaller:profileinstaller:1.3.1] AndroidManifest.xml:40:13-42:29
129                <action android:name="androidx.profileinstaller.action.INSTALL_PROFILE" />
129-->[androidx.profileinstaller:profileinstaller:1.3.1] AndroidManifest.xml:41:17-91
129-->[androidx.profileinstaller:profileinstaller:1.3.1] AndroidManifest.xml:41:25-88
130            </intent-filter>
131            <intent-filter>
131-->[androidx.profileinstaller:profileinstaller:1.3.1] AndroidManifest.xml:43:13-45:29
132                <action android:name="androidx.profileinstaller.action.SKIP_FILE" />
132-->[androidx.profileinstaller:profileinstaller:1.3.1] AndroidManifest.xml:44:17-85
132-->[androidx.profileinstaller:profileinstaller:1.3.1] AndroidManifest.xml:44:25-82
133            </intent-filter>
134            <intent-filter>
134-->[androidx.profileinstaller:profileinstaller:1.3.1] AndroidManifest.xml:46:13-48:29
135                <action android:name="androidx.profileinstaller.action.SAVE_PROFILE" />
135-->[androidx.profileinstaller:profileinstaller:1.3.1] AndroidManifest.xml:47:17-88
135-->[androidx.profileinstaller:profileinstaller:1.3.1] AndroidManifest.xml:47:25-85
136            </intent-filter>
137            <intent-filter>
137-->[androidx.profileinstaller:profileinstaller:1.3.1] AndroidManifest.xml:49:13-51:29
138                <action android:name="androidx.profileinstaller.action.BENCHMARK_OPERATION" />
138-->[androidx.profileinstaller:profileinstaller:1.3.1] AndroidManifest.xml:50:17-95
138-->[androidx.profileinstaller:profileinstaller:1.3.1] AndroidManifest.xml:50:25-92
139            </intent-filter>
140        </receiver>
141    </application>
142
143</manifest>